<?xml version="1.0" encoding="UTF-8"?>
<coverage generated="1788677425451" clover="3.2.0">
  <project timestamp="1788677425451" name="All files">
    <metrics statements="138" coveredstatements="135" conditionals="82" coveredconditionals="76" methods="27" coveredmethods="25" elements="247" coveredelements="236" complexity="0" loc="138" ncloc="138" packages="4" files="13" classes="13"/>
    <package name="components">
      <metrics statements="43" coveredstatements="41" conditionals="27" coveredconditionals="24" methods="21" coveredmethods="19"/>
      <file name="AdjustmentForm.jsx" path="/Users/vincent/IdeaProjects/income-calculator/src/components/AdjustmentForm.jsx">
        <metrics statements="8" coveredstatements="6" conditionals="6" coveredconditionals="4" methods="6" coveredmethods="4"/>
        <line num="4" count="2" type="stmt"/>
        <line num="13" count="11" type="stmt"/>
        <line num="15" count="11" type="stmt"/>
        <line num="16" count="0" type="stmt"/>
        <line num="22" count="3" type="stmt"/>
        <line num="38" count="0" type="cond" truecount="0" falsecount="2"/>
        <line num="53" count="1" type="stmt"/>
        <line num="56" count="55" type="stmt"/>
      </file>
      <file name="Assumptions.jsx" path="/Users/vincent/IdeaProjects/income-calculator/src/components/Assumptions.jsx">
        <metrics statements="4" coveredstatements="4" conditionals="0" coveredconditionals="0" methods="2" coveredmethods="2"/>
        <line num="10" count="2" type="stmt"/>
        <line num="11" count="7" type="stmt"/>
        <line num="13" count="7" type="stmt"/>
        <line num="30" count="35" type="stmt"/>
      </file>
      <file name="GlobalContext.jsx" path="/Users/vincent/IdeaProjects/income-calculator/src/components/GlobalContext.jsx">
        <metrics statements="17" coveredstatements="17" conditionals="0" coveredconditionals="0" methods="5" coveredmethods="5"/>
        <line num="5" count="3" type="stmt"/>
        <line num="8" count="23" type="stmt"/>
        <line num="10" count="3" type="stmt"/>
        <line num="11" count="13" type="stmt"/>
        <line num="12" count="13" type="stmt"/>
        <line num="13" count="13" type="stmt"/>
        <line num="14" count="13" type="stmt"/>
        <line num="15" count="13" type="stmt"/>
        <line num="17" count="13" type="stmt"/>
        <line num="18" count="13" type="stmt"/>
        <line num="20" count="13" type="stmt"/>
        <line num="21" count="13" type="stmt"/>
        <line num="30" count="13" type="stmt"/>
        <line num="32" count="1" type="stmt"/>
        <line num="36" count="1" type="stmt"/>
        <line num="41" count="13" type="stmt"/>
        <line num="64" count="13" type="stmt"/>
      </file>
      <file name="IncomeRow.jsx" path="/Users/vincent/IdeaProjects/income-calculator/src/components/IncomeRow.jsx">
        <metrics statements="9" coveredstatements="9" conditionals="13" coveredconditionals="12" methods="5" coveredmethods="5"/>
        <line num="3" count="1" type="cond" truecount="1" falsecount="0"/>
        <line num="4" count="30" type="stmt"/>
        <line num="6" count="30" type="stmt"/>
        <line num="7" count="18" type="cond" truecount="2" falsecount="0"/>
        <line num="8" count="1" type="cond" truecount="1" falsecount="1"/>
        <line num="12" count="30" type="stmt"/>
        <line num="49" count="6" type="stmt"/>
        <line num="68" count="6" type="stmt"/>
        <line num="90" count="6" type="stmt"/>
      </file>
      <file name="Table.jsx" path="/Users/vincent/IdeaProjects/income-calculator/src/components/Table.jsx">
        <metrics statements="5" coveredstatements="5" conditionals="8" coveredconditionals="8" methods="3" coveredmethods="3"/>
        <line num="7" count="1" type="stmt"/>
        <line num="8" count="5" type="stmt"/>
        <line num="10" count="5" type="stmt"/>
        <line num="44" count="30" type="stmt"/>
        <line num="50" count="1" type="stmt"/>
      </file>
    </package>
    <package name="config.financialYears">
      <metrics statements="21" coveredstatements="21" conditionals="9" coveredconditionals="8" methods="3" coveredmethods="3"/>
      <file name="fy2324.js" path="/Users/vincent/IdeaProjects/income-calculator/src/config/financialYears/fy2324.js">
        <metrics statements="1" coveredstatements="1" conditionals="0" coveredconditionals="0" methods="0" coveredmethods="0"/>
        <line num="1" count="5" type="stmt"/>
      </file>
      <file name="fy2425.js" path="/Users/vincent/IdeaProjects/income-calculator/src/config/financialYears/fy2425.js">
        <metrics statements="1" coveredstatements="1" conditionals="0" coveredconditionals="0" methods="0" coveredmethods="0"/>
        <line num="1" count="5" type="stmt"/>
      </file>
      <file name="fy2526.js" path="/Users/vincent/IdeaProjects/income-calculator/src/config/financialYears/fy2526.js">
        <metrics statements="1" coveredstatements="1" conditionals="0" coveredconditionals="0" methods="0" coveredmethods="0"/>
        <line num="1" count="5" type="stmt"/>
      </file>
      <file name="fy2627.js" path="/Users/vincent/IdeaProjects/income-calculator/src/config/financialYears/fy2627.js">
        <metrics statements="1" coveredstatements="1" conditionals="0" coveredconditionals="0" methods="0" coveredmethods="0"/>
        <line num="1" count="5" type="stmt"/>
      </file>
      <file name="fy2728.js" path="/Users/vincent/IdeaProjects/income-calculator/src/config/financialYears/fy2728.js">
        <metrics statements="1" coveredstatements="1" conditionals="0" coveredconditionals="0" methods="0" coveredmethods="0"/>
        <line num="1" count="5" type="stmt"/>
      </file>
      <file name="index.js" path="/Users/vincent/IdeaProjects/income-calculator/src/config/financialYears/index.js">
        <metrics statements="16" coveredstatements="16" conditionals="9" coveredconditionals="8" methods="3" coveredmethods="3"/>
        <line num="7" count="5" type="stmt"/>
        <line num="9" count="5" type="stmt"/>
        <line num="17" count="5" type="cond" truecount="1" falsecount="0"/>
        <line num="18" count="14" type="stmt"/>
        <line num="19" count="14" type="stmt"/>
        <line num="20" count="14" type="cond" truecount="2" falsecount="0"/>
        <line num="21" count="14" type="stmt"/>
        <line num="22" count="14" type="stmt"/>
        <line num="23" count="14" type="stmt"/>
        <line num="24" count="14" type="stmt"/>
        <line num="27" count="5" type="cond" truecount="1" falsecount="0"/>
        <line num="28" count="7" type="stmt"/>
        <line num="29" count="7" type="cond" truecount="2" falsecount="1"/>
        <line num="32" count="5" type="stmt"/>
        <line num="34" count="5" type="stmt"/>
        <line num="35" count="49" type="cond" truecount="2" falsecount="0"/>
      </file>
    </package>
    <package name="constants">
      <metrics statements="9" coveredstatements="9" conditionals="0" coveredconditionals="0" methods="0" coveredmethods="0"/>
      <file name="workSchedule.js" path="/Users/vincent/IdeaProjects/income-calculator/src/constants/workSchedule.js">
        <metrics statements="9" coveredstatements="9" conditionals="0" coveredconditionals="0" methods="0" coveredmethods="0"/>
        <line num="1" count="5" type="stmt"/>
        <line num="2" count="5" type="stmt"/>
        <line num="3" count="5" type="stmt"/>
        <line num="4" count="5" type="stmt"/>
        <line num="6" count="5" type="stmt"/>
        <line num="7" count="5" type="stmt"/>
        <line num="8" count="5" type="stmt"/>
        <line num="9" count="5" type="stmt"/>
        <line num="10" count="5" type="stmt"/>
      </file>
    </package>
    <package name="utils">
      <metrics statements="65" coveredstatements="64" conditionals="46" coveredconditionals="44" methods="3" coveredmethods="3"/>
      <file name="incomeCalculator.js" path="/Users/vincent/IdeaProjects/income-calculator/src/utils/incomeCalculator.js">
        <metrics statements="65" coveredstatements="64" conditionals="46" coveredconditionals="44" methods="3" coveredmethods="3"/>
        <line num="14" count="4" type="stmt"/>
        <line num="26" count="4" type="stmt"/>
        <line num="27" count="38" type="stmt"/>
        <line num="28" count="38" type="cond" truecount="1" falsecount="1"/>
        <line num="30" count="38" type="stmt"/>
        <line num="31" count="94" type="stmt"/>
        <line num="32" count="94" type="stmt"/>
        <line num="34" count="94" type="cond" truecount="3" falsecount="0"/>
        <line num="37" count="94" type="cond" truecount="4" falsecount="0"/>
        <line num="42" count="94" type="cond" truecount="6" falsecount="0"/>
        <line num="44" count="37" type="stmt"/>
        <line num="46" count="37" type="stmt"/>
        <line num="50" count="1" type="stmt"/>
        <line num="56" count="4" type="cond" truecount="3" falsecount="0"/>
        <line num="57" count="14" type="cond" truecount="2" falsecount="0"/>
        <line num="58" count="14" type="cond" truecount="2" falsecount="0"/>
        <line num="61" count="11" type="stmt"/>
        <line num="62" count="11" type="cond" truecount="2" falsecount="0"/>
        <line num="63" count="2" type="stmt"/>
        <line num="64" count="9" type="cond" truecount="2" falsecount="0"/>
        <line num="65" count="2" type="stmt"/>
        <line num="69" count="11" type="cond" truecount="6" falsecount="1"/>
        <line num="71" count="4" type="stmt"/>
        <line num="73" count="3" type="stmt"/>
        <line num="75" count="1" type="stmt"/>
        <line num="77" count="1" type="stmt"/>
        <line num="79" count="1" type="stmt"/>
        <line num="81" count="1" type="stmt"/>
        <line num="83" count="0" type="stmt"/>
        <line num="90" count="4" type="stmt"/>
        <line num="100" count="16" type="cond" truecount="2" falsecount="0"/>
        <line num="103" count="16" type="cond" truecount="4" falsecount="0"/>
        <line num="107" count="16" type="stmt"/>
        <line num="117" count="16" type="stmt"/>
        <line num="118" count="16" type="stmt"/>
        <line num="119" count="16" type="stmt"/>
        <line num="120" count="16" type="stmt"/>
        <line num="121" count="16" type="stmt"/>
        <line num="122" count="16" type="stmt"/>
        <line num="125" count="16" type="stmt"/>
        <line num="126" count="96" type="stmt"/>
        <line num="127" count="96" type="stmt"/>
        <line num="128" count="96" type="stmt"/>
        <line num="129" count="96" type="stmt"/>
        <line num="130" count="96" type="stmt"/>
        <line num="132" count="96" type="stmt"/>
        <line num="133" count="96" type="stmt"/>
        <line num="134" count="96" type="stmt"/>
        <line num="135" count="96" type="stmt"/>
        <line num="139" count="16" type="stmt"/>
        <line num="140" count="16" type="stmt"/>
        <line num="141" count="16" type="stmt"/>
        <line num="143" count="16" type="stmt"/>
        <line num="144" count="16" type="stmt"/>
        <line num="145" count="16" type="stmt"/>
        <line num="146" count="16" type="stmt"/>
        <line num="147" count="16" type="stmt"/>
        <line num="148" count="16" type="stmt"/>
        <line num="151" count="16" type="stmt"/>
        <line num="152" count="16" type="stmt"/>
        <line num="153" count="96" type="stmt"/>
        <line num="154" count="96" type="stmt"/>
        <line num="156" count="96" type="stmt"/>
        <line num="157" count="672" type="cond" truecount="2" falsecount="0"/>
        <line num="161" count="16" type="stmt"/>
      </file>
    </package>
  </project>
</coverage>
