{"/Users/vincent/IdeaProjects/income-calculator/src/components/AdjustmentForm.jsx": {"path":"/Users/vincent/IdeaProjects/income-calculator/src/components/AdjustmentForm.jsx","statementMap":{"0":{"start":{"line":4,"column":23},"end":{"line":64,"column":null}},"1":{"start":{"line":13,"column":2},"end":{"line":13,"column":null}},"2":{"start":{"line":15,"column":2},"end":{"line":62,"column":null}},"3":{"start":{"line":16,"column":54},"end":{"line":16,"column":null}},"4":{"start":{"line":22,"column":27},"end":{"line":22,"column":null}},"5":{"start":{"line":38,"column":29},"end":{"line":38,"column":null}},"6":{"start":{"line":53,"column":27},"end":{"line":53,"column":null}},"7":{"start":{"line":56,"column":12},"end":{"line":58,"column":null}}},"fnMap":{"0":{"name":"(anonymous_0)","decl":{"start":{"line":4,"column":23},"end":{"line":4,"column":29}},"loc":{"start":{"line":4,"column":29},"end":{"line":64,"column":null}},"line":4},"1":{"name":"(anonymous_1)","decl":{"start":{"line":16,"column":47},"end":{"line":16,"column":48}},"loc":{"start":{"line":16,"column":54},"end":{"line":16,"column":null}},"line":16},"2":{"name":"(anonymous_2)","decl":{"start":{"line":22,"column":20},"end":{"line":22,"column":21}},"loc":{"start":{"line":22,"column":27},"end":{"line":22,"column":null}},"line":22},"3":{"name":"(anonymous_3)","decl":{"start":{"line":38,"column":22},"end":{"line":38,"column":23}},"loc":{"start":{"line":38,"column":29},"end":{"line":38,"column":null}},"line":38},"4":{"name":"(anonymous_4)","decl":{"start":{"line":53,"column":20},"end":{"line":53,"column":21}},"loc":{"start":{"line":53,"column":27},"end":{"line":53,"column":null}},"line":53},"5":{"name":"(anonymous_5)","decl":{"start":{"line":55,"column":30},"end":{"line":55,"column":31}},"loc":{"start":{"line":56,"column":12},"end":{"line":58,"column":null}},"line":56}},"branchMap":{"0":{"loc":{"start":{"line":21,"column":17},"end":{"line":21,"column":null}},"type":"cond-expr","locations":[{"start":{"line":21,"column":30},"end":{"line":21,"column":43}},{"start":{"line":21,"column":43},"end":{"line":21,"column":null}}],"line":21},"1":{"loc":{"start":{"line":29,"column":7},"end":{"line":40,"column":null}},"type":"binary-expr","locations":[{"start":{"line":29,"column":7},"end":{"line":29,"column":null}},{"start":{"line":30,"column":8},"end":{"line":40,"column":null}}],"line":29},"2":{"loc":{"start":{"line":38,"column":42},"end":{"line":38,"column":73}},"type":"binary-expr","locations":[{"start":{"line":38,"column":42},"end":{"line":38,"column":72}},{"start":{"line":38,"column":72},"end":{"line":38,"column":73}}],"line":38}},"s":{"0":2,"1":11,"2":11,"3":0,"4":3,"5":0,"6":1,"7":55},"f":{"0":11,"1":0,"2":3,"3":0,"4":1,"5":55},"b":{"0":[9,2],"1":[11,9],"2":[0,0]},"meta":{"lastBranch":3,"lastFunction":6,"lastStatement":8,"seen":{"s:4:23:64:Infinity":0,"f:4:23:4:29":0,"s:13:2:13:Infinity":1,"s:15:2:62:Infinity":2,"f:16:47:16:48":1,"s:16:54:16:Infinity":3,"b:21:30:21:43:21:43:21:Infinity":0,"f:22:20:22:21":2,"s:22:27:22:Infinity":4,"b:29:7:29:Infinity:30:8:40:Infinity":1,"f:38:22:38:23":3,"s:38:29:38:Infinity":5,"b:38:42:38:72:38:72:38:73":2,"f:53:20:53:21":4,"s:53:27:53:Infinity":6,"f:55:30:55:31":5,"s:56:12:58:Infinity":7},"fnNames":{}}}
,"/Users/vincent/IdeaProjects/income-calculator/src/components/Assumptions.jsx": {"path":"/Users/vincent/IdeaProjects/income-calculator/src/components/Assumptions.jsx","statementMap":{"0":{"start":{"line":10,"column":20},"end":{"line":37,"column":null}},"1":{"start":{"line":11,"column":20},"end":{"line":11,"column":null}},"2":{"start":{"line":13,"column":2},"end":{"line":35,"column":null}},"3":{"start":{"line":30,"column":8},"end":{"line":33,"column":null}}},"fnMap":{"0":{"name":"(anonymous_0)","decl":{"start":{"line":10,"column":20},"end":{"line":10,"column":26}},"loc":{"start":{"line":10,"column":26},"end":{"line":37,"column":null}},"line":10},"1":{"name":"(anonymous_1)","decl":{"start":{"line":29,"column":26},"end":{"line":29,"column":27}},"loc":{"start":{"line":30,"column":8},"end":{"line":33,"column":null}},"line":30}},"branchMap":{},"s":{"0":2,"1":7,"2":7,"3":35},"f":{"0":7,"1":35},"b":{},"meta":{"lastBranch":0,"lastFunction":2,"lastStatement":4,"seen":{"s:10:20:37:Infinity":0,"f:10:20:10:26":0,"s:11:20:11:Infinity":1,"s:13:2:35:Infinity":2,"f:29:26:29:27":1,"s:30:8:33:Infinity":3},"fnNames":{}}}
,"/Users/vincent/IdeaProjects/income-calculator/src/components/GlobalContext.jsx": {"path":"/Users/vincent/IdeaProjects/income-calculator/src/components/GlobalContext.jsx","statementMap":{"0":{"start":{"line":5,"column":6},"end":{"line":5,"column":null}},"1":{"start":{"line":8,"column":32},"end":{"line":8,"column":null}},"2":{"start":{"line":10,"column":19},"end":{"line":69,"column":null}},"3":{"start":{"line":11,"column":34},"end":{"line":11,"column":null}},"4":{"start":{"line":12,"column":22},"end":{"line":12,"column":null}},"5":{"start":{"line":13,"column":20},"end":{"line":13,"column":null}},"6":{"start":{"line":14,"column":32},"end":{"line":14,"column":null}},"7":{"start":{"line":15,"column":34},"end":{"line":15,"column":null}},"8":{"start":{"line":17,"column":8},"end":{"line":17,"column":null}},"9":{"start":{"line":17,"column":37},"end":{"line":17,"column":67}},"10":{"start":{"line":18,"column":20},"end":{"line":18,"column":null}},"11":{"start":{"line":20,"column":8},"end":{"line":28,"column":null}},"12":{"start":{"line":21,"column":4},"end":{"line":27,"column":null}},"13":{"start":{"line":30,"column":8},"end":{"line":39,"column":null}},"14":{"start":{"line":32,"column":12},"end":{"line":35,"column":null}},"15":{"start":{"line":36,"column":6},"end":{"line":36,"column":null}},"16":{"start":{"line":41,"column":16},"end":{"line":62,"column":null}},"17":{"start":{"line":64,"column":2},"end":{"line":67,"column":null}}},"fnMap":{"0":{"name":"(anonymous_0)","decl":{"start":{"line":8,"column":32},"end":{"line":8,"column":38}},"loc":{"start":{"line":8,"column":32},"end":{"line":8,"column":null}},"line":8},"1":{"name":"(anonymous_1)","decl":{"start":{"line":10,"column":19},"end":{"line":10,"column":20}},"loc":{"start":{"line":10,"column":37},"end":{"line":69,"column":null}},"line":10},"2":{"name":"(anonymous_2)","decl":{"start":{"line":17,"column":37},"end":{"line":17,"column":43}},"loc":{"start":{"line":17,"column":37},"end":{"line":17,"column":67}},"line":17},"3":{"name":"(anonymous_3)","decl":{"start":{"line":20,"column":29},"end":{"line":20,"column":35}},"loc":{"start":{"line":20,"column":35},"end":{"line":28,"column":5}},"line":20},"4":{"name":"(anonymous_4)","decl":{"start":{"line":31,"column":4},"end":{"line":31,"column":5}},"loc":{"start":{"line":31,"column":44},"end":{"line":37,"column":null}},"line":31}},"branchMap":{},"s":{"0":3,"1":23,"2":3,"3":13,"4":13,"5":13,"6":13,"7":13,"8":13,"9":9,"10":13,"11":13,"12":13,"13":13,"14":1,"15":1,"16":13,"17":13},"f":{"0":23,"1":13,"2":9,"3":13,"4":1},"b":{},"meta":{"lastBranch":0,"lastFunction":5,"lastStatement":18,"seen":{"s:5:6:5:Infinity":0,"s:8:32:8:Infinity":1,"f:8:32:8:38":0,"s:10:19:69:Infinity":2,"f:10:19:10:20":1,"s:11:34:11:Infinity":3,"s:12:22:12:Infinity":4,"s:13:20:13:Infinity":5,"s:14:32:14:Infinity":6,"s:15:34:15:Infinity":7,"s:17:8:17:Infinity":8,"f:17:37:17:43":2,"s:17:37:17:67":9,"s:18:20:18:Infinity":10,"s:20:8:28:Infinity":11,"f:20:29:20:35":3,"s:21:4:27:Infinity":12,"s:30:8:39:Infinity":13,"f:31:4:31:5":4,"s:32:12:35:Infinity":14,"s:36:6:36:Infinity":15,"s:41:16:62:Infinity":16,"s:64:2:67:Infinity":17},"fnNames":{}}}
,"/Users/vincent/IdeaProjects/income-calculator/src/components/IncomeRow.jsx": {"path":"/Users/vincent/IdeaProjects/income-calculator/src/components/IncomeRow.jsx","statementMap":{"0":{"start":{"line":3,"column":18},"end":{"line":97,"column":null}},"1":{"start":{"line":4,"column":47},"end":{"line":4,"column":null}},"2":{"start":{"line":6,"column":22},"end":{"line":10,"column":null}},"3":{"start":{"line":7,"column":4},"end":{"line":9,"column":null}},"4":{"start":{"line":8,"column":6},"end":{"line":8,"column":null}},"5":{"start":{"line":12,"column":2},"end":{"line":95,"column":null}},"6":{"start":{"line":49,"column":12},"end":{"line":49,"column":null}},"7":{"start":{"line":68,"column":12},"end":{"line":68,"column":null}},"8":{"start":{"line":90,"column":14},"end":{"line":90,"column":null}}},"fnMap":{"0":{"name":"(anonymous_0)","decl":{"start":{"line":3,"column":18},"end":{"line":3,"column":19}},"loc":{"start":{"line":3,"column":75},"end":{"line":97,"column":null}},"line":3},"1":{"name":"(anonymous_1)","decl":{"start":{"line":6,"column":22},"end":{"line":6,"column":23}},"loc":{"start":{"line":6,"column":57},"end":{"line":10,"column":null}},"line":6},"2":{"name":"(anonymous_2)","decl":{"start":{"line":48,"column":25},"end":{"line":48,"column":26}},"loc":{"start":{"line":49,"column":12},"end":{"line":49,"column":null}},"line":49},"3":{"name":"(anonymous_3)","decl":{"start":{"line":67,"column":25},"end":{"line":67,"column":26}},"loc":{"start":{"line":68,"column":12},"end":{"line":68,"column":null}},"line":68},"4":{"name":"(anonymous_4)","decl":{"start":{"line":89,"column":27},"end":{"line":89,"column":28}},"loc":{"start":{"line":90,"column":14},"end":{"line":90,"column":null}},"line":90}},"branchMap":{"0":{"loc":{"start":{"line":3,"column":32},"end":{"line":3,"column":43}},"type":"default-arg","locations":[{"start":{"line":3,"column":39},"end":{"line":3,"column":43}}],"line":3},"1":{"loc":{"start":{"line":7,"column":4},"end":{"line":9,"column":null}},"type":"if","locations":[{"start":{"line":7,"column":4},"end":{"line":9,"column":null}},{"start":{},"end":{}}],"line":7},"2":{"loc":{"start":{"line":8,"column":20},"end":{"line":8,"column":44}},"type":"binary-expr","locations":[{"start":{"line":8,"column":20},"end":{"line":8,"column":41}},{"start":{"line":8,"column":41},"end":{"line":8,"column":44}}],"line":8},"3":{"loc":{"start":{"line":15,"column":9},"end":{"line":23,"column":null}},"type":"cond-expr","locations":[{"start":{"line":16,"column":10},"end":{"line":21,"column":null}},{"start":{"line":23,"column":10},"end":{"line":23,"column":null}}],"line":15},"4":{"loc":{"start":{"line":15,"column":9},"end":{"line":15,"column":null}},"type":"binary-expr","locations":[{"start":{"line":15,"column":9},"end":{"line":15,"column":22}},{"start":{"line":15,"column":22},"end":{"line":15,"column":null}}],"line":15},"5":{"loc":{"start":{"line":72,"column":7},"end":{"line":80,"column":null}},"type":"binary-expr","locations":[{"start":{"line":72,"column":7},"end":{"line":72,"column":null}},{"start":{"line":73,"column":8},"end":{"line":80,"column":null}}],"line":72},"6":{"loc":{"start":{"line":82,"column":7},"end":{"line":93,"column":null}},"type":"binary-expr","locations":[{"start":{"line":82,"column":7},"end":{"line":82,"column":null}},{"start":{"line":83,"column":8},"end":{"line":93,"column":null}}],"line":82}},"s":{"0":1,"1":30,"2":30,"3":18,"4":1,"5":30,"6":6,"7":6,"8":6},"f":{"0":30,"1":18,"2":6,"3":6,"4":6},"b":{"0":[30],"1":[1,17],"2":[1,0],"3":[4,26],"4":[30,5],"5":[30,24],"6":[30,24]},"meta":{"lastBranch":7,"lastFunction":5,"lastStatement":9,"seen":{"s:3:18:97:Infinity":0,"f:3:18:3:19":0,"b:3:39:3:43":0,"s:4:47:4:Infinity":1,"s:6:22:10:Infinity":2,"f:6:22:6:23":1,"b:7:4:9:Infinity:undefined:undefined:undefined:undefined":1,"s:7:4:9:Infinity":3,"s:8:6:8:Infinity":4,"b:8:20:8:41:8:41:8:44":2,"s:12:2:95:Infinity":5,"b:16:10:21:Infinity:23:10:23:Infinity":3,"b:15:9:15:22:15:22:15:Infinity":4,"f:48:25:48:26":2,"s:49:12:49:Infinity":6,"f:67:25:67:26":3,"s:68:12:68:Infinity":7,"b:72:7:72:Infinity:73:8:80:Infinity":5,"b:82:7:82:Infinity:83:8:93:Infinity":6,"f:89:27:89:28":4,"s:90:14:90:Infinity":8},"fnNames":{}}}
,"/Users/vincent/IdeaProjects/income-calculator/src/components/Table.jsx": {"path":"/Users/vincent/IdeaProjects/income-calculator/src/components/Table.jsx","statementMap":{"0":{"start":{"line":7,"column":14},"end":{"line":58,"column":null}},"1":{"start":{"line":8,"column":47},"end":{"line":8,"column":null}},"2":{"start":{"line":10,"column":2},"end":{"line":56,"column":null}},"3":{"start":{"line":44,"column":12},"end":{"line":52,"column":null}},"4":{"start":{"line":50,"column":16},"end":{"line":50,"column":null}}},"fnMap":{"0":{"name":"(anonymous_0)","decl":{"start":{"line":7,"column":14},"end":{"line":7,"column":20}},"loc":{"start":{"line":7,"column":20},"end":{"line":58,"column":null}},"line":7},"1":{"name":"(anonymous_1)","decl":{"start":{"line":43,"column":27},"end":{"line":43,"column":28}},"loc":{"start":{"line":44,"column":12},"end":{"line":52,"column":null}},"line":44},"2":{"name":"(anonymous_2)","decl":{"start":{"line":49,"column":29},"end":{"line":49,"column":30}},"loc":{"start":{"line":50,"column":16},"end":{"line":50,"column":null}},"line":50}},"branchMap":{"0":{"loc":{"start":{"line":24,"column":13},"end":{"line":24,"column":null}},"type":"binary-expr","locations":[{"start":{"line":24,"column":13},"end":{"line":24,"column":27}},{"start":{"line":24,"column":27},"end":{"line":24,"column":null}}],"line":24},"1":{"loc":{"start":{"line":25,"column":13},"end":{"line":26,"column":null}},"type":"binary-expr","locations":[{"start":{"line":25,"column":13},"end":{"line":25,"column":null}},{"start":{"line":26,"column":14},"end":{"line":26,"column":null}}],"line":25},"2":{"loc":{"start":{"line":36,"column":13},"end":{"line":37,"column":null}},"type":"binary-expr","locations":[{"start":{"line":36,"column":13},"end":{"line":36,"column":null}},{"start":{"line":37,"column":14},"end":{"line":37,"column":null}}],"line":36},"3":{"loc":{"start":{"line":39,"column":13},"end":{"line":40,"column":null}},"type":"binary-expr","locations":[{"start":{"line":39,"column":13},"end":{"line":39,"column":null}},{"start":{"line":40,"column":14},"end":{"line":40,"column":null}}],"line":39}},"s":{"0":1,"1":5,"2":5,"3":30,"4":1},"f":{"0":5,"1":30,"2":1},"b":{"0":[5,4],"1":[5,4],"2":[5,4],"3":[5,4]},"meta":{"lastBranch":4,"lastFunction":3,"lastStatement":5,"seen":{"s:7:14:58:Infinity":0,"f:7:14:7:20":0,"s:8:47:8:Infinity":1,"s:10:2:56:Infinity":2,"b:24:13:24:27:24:27:24:Infinity":0,"b:25:13:25:Infinity:26:14:26:Infinity":1,"b:36:13:36:Infinity:37:14:37:Infinity":2,"b:39:13:39:Infinity:40:14:40:Infinity":3,"f:43:27:43:28":1,"s:44:12:52:Infinity":3,"f:49:29:49:30":2,"s:50:16:50:Infinity":4},"fnNames":{}}}
,"/Users/vincent/IdeaProjects/income-calculator/src/config/financialYears/fy2324.js": {"path":"/Users/vincent/IdeaProjects/income-calculator/src/config/financialYears/fy2324.js","statementMap":{"0":{"start":{"line":1,"column":15},"end":{"line":46,"column":1}}},"fnMap":{},"branchMap":{},"s":{"0":5},"f":{},"b":{},"meta":{"lastBranch":0,"lastFunction":0,"lastStatement":1,"seen":{"s:1:15:46:1":0},"fnNames":{}}}
,"/Users/vincent/IdeaProjects/income-calculator/src/config/financialYears/fy2425.js": {"path":"/Users/vincent/IdeaProjects/income-calculator/src/config/financialYears/fy2425.js","statementMap":{"0":{"start":{"line":1,"column":15},"end":{"line":46,"column":1}}},"fnMap":{},"branchMap":{},"s":{"0":5},"f":{},"b":{},"meta":{"lastBranch":0,"lastFunction":0,"lastStatement":1,"seen":{"s:1:15:46:1":0},"fnNames":{}}}
,"/Users/vincent/IdeaProjects/income-calculator/src/config/financialYears/fy2526.js": {"path":"/Users/vincent/IdeaProjects/income-calculator/src/config/financialYears/fy2526.js","statementMap":{"0":{"start":{"line":1,"column":15},"end":{"line":46,"column":1}}},"fnMap":{},"branchMap":{},"s":{"0":5},"f":{},"b":{},"meta":{"lastBranch":0,"lastFunction":0,"lastStatement":1,"seen":{"s:1:15:46:1":0},"fnNames":{}}}
,"/Users/vincent/IdeaProjects/income-calculator/src/config/financialYears/fy2627.js": {"path":"/Users/vincent/IdeaProjects/income-calculator/src/config/financialYears/fy2627.js","statementMap":{"0":{"start":{"line":1,"column":15},"end":{"line":46,"column":1}}},"fnMap":{},"branchMap":{},"s":{"0":5},"f":{},"b":{},"meta":{"lastBranch":0,"lastFunction":0,"lastStatement":1,"seen":{"s:1:15:46:1":0},"fnNames":{}}}
,"/Users/vincent/IdeaProjects/income-calculator/src/config/financialYears/fy2728.js": {"path":"/Users/vincent/IdeaProjects/income-calculator/src/config/financialYears/fy2728.js","statementMap":{"0":{"start":{"line":1,"column":15},"end":{"line":46,"column":1}}},"fnMap":{},"branchMap":{},"s":{"0":5},"f":{},"b":{},"meta":{"lastBranch":0,"lastFunction":0,"lastStatement":1,"seen":{"s:1:15:46:1":0},"fnNames":{}}}
,"/Users/vincent/IdeaProjects/income-calculator/src/config/financialYears/index.js": {"path":"/Users/vincent/IdeaProjects/income-calculator/src/config/financialYears/index.js","statementMap":{"0":{"start":{"line":7,"column":30},"end":{"line":7,"column":70}},"1":{"start":{"line":9,"column":33},"end":{"line":15,"column":1}},"2":{"start":{"line":17,"column":41},"end":{"line":25,"column":1}},"3":{"start":{"line":18,"column":22},"end":{"line":18,"column":40}},"4":{"start":{"line":19,"column":23},"end":{"line":19,"column":38}},"5":{"start":{"line":20,"column":20},"end":{"line":20,"column":69}},"6":{"start":{"line":21,"column":18},"end":{"line":21,"column":31}},"7":{"start":{"line":22,"column":25},"end":{"line":22,"column":52}},"8":{"start":{"line":23,"column":23},"end":{"line":23,"column":48}},"9":{"start":{"line":24,"column":2},"end":{"line":24,"column":null}},"10":{"start":{"line":27,"column":39},"end":{"line":30,"column":1}},"11":{"start":{"line":28,"column":22},"end":{"line":28,"column":53}},"12":{"start":{"line":29,"column":2},"end":{"line":29,"column":null}},"13":{"start":{"line":32,"column":36},"end":{"line":32,"column":61}},"14":{"start":{"line":34,"column":32},"end":{"line":36,"column":1}},"15":{"start":{"line":35,"column":2},"end":{"line":35,"column":null}}},"fnMap":{"0":{"name":"(anonymous_0)","decl":{"start":{"line":17,"column":41},"end":{"line":17,"column":42}},"loc":{"start":{"line":17,"column":64},"end":{"line":25,"column":1}},"line":17},"1":{"name":"(anonymous_1)","decl":{"start":{"line":27,"column":39},"end":{"line":27,"column":40}},"loc":{"start":{"line":27,"column":62},"end":{"line":30,"column":1}},"line":27},"2":{"name":"(anonymous_2)","decl":{"start":{"line":34,"column":32},"end":{"line":34,"column":33}},"loc":{"start":{"line":34,"column":40},"end":{"line":36,"column":1}},"line":34}},"branchMap":{"0":{"loc":{"start":{"line":17,"column":42},"end":{"line":17,"column":59}},"type":"default-arg","locations":[{"start":{"line":17,"column":49},"end":{"line":17,"column":59}}],"line":17},"1":{"loc":{"start":{"line":20,"column":20},"end":{"line":20,"column":69}},"type":"cond-expr","locations":[{"start":{"line":20,"column":40},"end":{"line":20,"column":51}},{"start":{"line":20,"column":54},"end":{"line":20,"column":69}}],"line":20},"2":{"loc":{"start":{"line":27,"column":40},"end":{"line":27,"column":57}},"type":"default-arg","locations":[{"start":{"line":27,"column":47},"end":{"line":27,"column":57}}],"line":27},"3":{"loc":{"start":{"line":29,"column":9},"end":{"line":29,"column":70}},"type":"binary-expr","locations":[{"start":{"line":29,"column":9},"end":{"line":29,"column":39}},{"start":{"line":29,"column":43},"end":{"line":29,"column":60}},{"start":{"line":29,"column":64},"end":{"line":29,"column":70}}],"line":29},"4":{"loc":{"start":{"line":35,"column":9},"end":{"line":35,"column":54}},"type":"binary-expr","locations":[{"start":{"line":35,"column":9},"end":{"line":35,"column":30}},{"start":{"line":35,"column":34},"end":{"line":35,"column":54}}],"line":35}},"s":{"0":5,"1":5,"2":5,"3":14,"4":14,"5":14,"6":14,"7":14,"8":14,"9":14,"10":5,"11":7,"12":7,"13":5,"14":5,"15":49},"f":{"0":14,"1":7,"2":49},"b":{"0":[14],"1":[12,2],"2":[7],"3":[7,1,0],"4":[49,1]},"meta":{"lastBranch":5,"lastFunction":3,"lastStatement":16,"seen":{"s:7:30:7:70":0,"s:9:33:15:1":1,"s:17:41:25:1":2,"f:17:41:17:42":0,"b:17:49:17:59":0,"s:18:22:18:40":3,"s:19:23:19:38":4,"s:20:20:20:69":5,"b:20:40:20:51:20:54:20:69":1,"s:21:18:21:31":6,"s:22:25:22:52":7,"s:23:23:23:48":8,"s:24:2:24:Infinity":9,"s:27:39:30:1":10,"f:27:39:27:40":1,"b:27:47:27:57":2,"s:28:22:28:53":11,"s:29:2:29:Infinity":12,"b:29:9:29:39:29:43:29:60:29:64:29:70":3,"s:32:36:32:61":13,"s:34:32:36:1":14,"f:34:32:34:33":2,"s:35:2:35:Infinity":15,"b:35:9:35:30:35:34:35:54":4},"fnNames":{}}}
,"/Users/vincent/IdeaProjects/income-calculator/src/constants/workSchedule.js": {"path":"/Users/vincent/IdeaProjects/income-calculator/src/constants/workSchedule.js","statementMap":{"0":{"start":{"line":1,"column":34},"end":{"line":1,"column":35}},"1":{"start":{"line":2,"column":34},"end":{"line":2,"column":35}},"2":{"start":{"line":3,"column":30},"end":{"line":3,"column":32}},"3":{"start":{"line":4,"column":31},"end":{"line":4,"column":33}},"4":{"start":{"line":6,"column":35},"end":{"line":6,"column":74}},"5":{"start":{"line":7,"column":40},"end":{"line":7,"column":63}},"6":{"start":{"line":8,"column":35},"end":{"line":8,"column":71}},"7":{"start":{"line":9,"column":36},"end":{"line":9,"column":73}},"8":{"start":{"line":10,"column":34},"end":{"line":10,"column":69}}},"fnMap":{},"branchMap":{},"s":{"0":5,"1":5,"2":5,"3":5,"4":5,"5":5,"6":5,"7":5,"8":5},"f":{},"b":{},"meta":{"lastBranch":0,"lastFunction":0,"lastStatement":9,"seen":{"s:1:34:1:35":0,"s:2:34:2:35":1,"s:3:30:3:32":2,"s:4:31:4:33":3,"s:6:35:6:74":4,"s:7:40:7:63":5,"s:8:35:8:71":6,"s:9:36:9:73":7,"s:10:34:10:69":8},"fnNames":{}}}
,"/Users/vincent/IdeaProjects/income-calculator/src/utils/incomeCalculator.js": {"path":"/Users/vincent/IdeaProjects/income-calculator/src/utils/incomeCalculator.js","statementMap":{"0":{"start":{"line":14,"column":27},"end":{"line":21,"column":1}},"1":{"start":{"line":26,"column":34},"end":{"line":51,"column":1}},"2":{"start":{"line":27,"column":18},"end":{"line":27,"column":43}},"3":{"start":{"line":28,"column":22},"end":{"line":28,"column":58}},"4":{"start":{"line":30,"column":2},"end":{"line":48,"column":null}},"5":{"start":{"line":30,"column":15},"end":{"line":30,"column":16}},"6":{"start":{"line":31,"column":20},"end":{"line":31,"column":34}},"7":{"start":{"line":32,"column":26},"end":{"line":32,"column":54}},"8":{"start":{"line":34,"column":6},"end":{"line":35,"column":53}},"9":{"start":{"line":37,"column":6},"end":{"line":40,"column":40}},"10":{"start":{"line":42,"column":4},"end":{"line":47,"column":null}},"11":{"start":{"line":44,"column":8},"end":{"line":45,"column":73}},"12":{"start":{"line":46,"column":6},"end":{"line":46,"column":null}},"13":{"start":{"line":50,"column":2},"end":{"line":50,"column":null}},"14":{"start":{"line":56,"column":35},"end":{"line":85,"column":1}},"15":{"start":{"line":57,"column":23},"end":{"line":57,"column":45}},"16":{"start":{"line":58,"column":2},"end":{"line":58,"column":null}},"17":{"start":{"line":58,"column":25},"end":{"line":58,"column":null}},"18":{"start":{"line":61,"column":19},"end":{"line":61,"column":31}},"19":{"start":{"line":62,"column":2},"end":{"line":66,"column":null}},"20":{"start":{"line":63,"column":4},"end":{"line":63,"column":null}},"21":{"start":{"line":64,"column":9},"end":{"line":66,"column":null}},"22":{"start":{"line":65,"column":4},"end":{"line":65,"column":null}},"23":{"start":{"line":69,"column":2},"end":{"line":84,"column":null}},"24":{"start":{"line":71,"column":6},"end":{"line":71,"column":null}},"25":{"start":{"line":73,"column":6},"end":{"line":73,"column":null}},"26":{"start":{"line":75,"column":6},"end":{"line":75,"column":null}},"27":{"start":{"line":77,"column":6},"end":{"line":77,"column":null}},"28":{"start":{"line":79,"column":6},"end":{"line":79,"column":null}},"29":{"start":{"line":81,"column":6},"end":{"line":81,"column":null}},"30":{"start":{"line":83,"column":6},"end":{"line":83,"column":null}},"31":{"start":{"line":90,"column":35},"end":{"line":162,"column":1}},"32":{"start":{"line":100,"column":21},"end":{"line":100,"column":53}},"33":{"start":{"line":103,"column":4},"end":{"line":105,"column":9}},"34":{"start":{"line":107,"column":17},"end":{"line":114,"column":3}},"35":{"start":{"line":117,"column":2},"end":{"line":117,"column":null}},"36":{"start":{"line":118,"column":2},"end":{"line":118,"column":null}},"37":{"start":{"line":119,"column":2},"end":{"line":119,"column":null}},"38":{"start":{"line":120,"column":2},"end":{"line":120,"column":null}},"39":{"start":{"line":121,"column":2},"end":{"line":121,"column":null}},"40":{"start":{"line":122,"column":2},"end":{"line":122,"column":null}},"41":{"start":{"line":125,"column":2},"end":{"line":136,"column":null}},"42":{"start":{"line":126,"column":17},"end":{"line":126,"column":40}},"43":{"start":{"line":127,"column":16},"end":{"line":127,"column":32}},"44":{"start":{"line":128,"column":16},"end":{"line":128,"column":26}},"45":{"start":{"line":129,"column":19},"end":{"line":129,"column":28}},"46":{"start":{"line":130,"column":16},"end":{"line":130,"column":28}},"47":{"start":{"line":132,"column":4},"end":{"line":132,"column":null}},"48":{"start":{"line":133,"column":4},"end":{"line":133,"column":null}},"49":{"start":{"line":134,"column":4},"end":{"line":134,"column":null}},"50":{"start":{"line":135,"column":4},"end":{"line":135,"column":null}},"51":{"start":{"line":139,"column":29},"end":{"line":139,"column":72}},"52":{"start":{"line":140,"column":20},"end":{"line":140,"column":66}},"53":{"start":{"line":141,"column":21},"end":{"line":141,"column":48}},"54":{"start":{"line":143,"column":2},"end":{"line":143,"column":null}},"55":{"start":{"line":144,"column":2},"end":{"line":144,"column":null}},"56":{"start":{"line":145,"column":2},"end":{"line":145,"column":null}},"57":{"start":{"line":146,"column":2},"end":{"line":146,"column":null}},"58":{"start":{"line":147,"column":2},"end":{"line":147,"column":null}},"59":{"start":{"line":148,"column":2},"end":{"line":148,"column":null}},"60":{"start":{"line":151,"column":26},"end":{"line":151,"column":28}},"61":{"start":{"line":152,"column":2},"end":{"line":159,"column":null}},"62":{"start":{"line":153,"column":4},"end":{"line":153,"column":null}},"63":{"start":{"line":154,"column":4},"end":{"line":154,"column":null}},"64":{"start":{"line":156,"column":4},"end":{"line":158,"column":null}},"65":{"start":{"line":157,"column":6},"end":{"line":157,"column":null}},"66":{"start":{"line":161,"column":2},"end":{"line":161,"column":null}}},"fnMap":{"0":{"name":"(anonymous_0)","decl":{"start":{"line":26,"column":34},"end":{"line":26,"column":35}},"loc":{"start":{"line":26,"column":67},"end":{"line":51,"column":1}},"line":26},"1":{"name":"(anonymous_1)","decl":{"start":{"line":56,"column":35},"end":{"line":56,"column":36}},"loc":{"start":{"line":56,"column":107},"end":{"line":85,"column":1}},"line":56},"2":{"name":"(anonymous_2)","decl":{"start":{"line":90,"column":35},"end":{"line":90,"column":null}},"loc":{"start":{"line":99,"column":5},"end":{"line":162,"column":1}},"line":99}},"branchMap":{"0":{"loc":{"start":{"line":28,"column":22},"end":{"line":28,"column":58}},"type":"cond-expr","locations":[{"start":{"line":28,"column":33},"end":{"line":28,"column":53}},{"start":{"line":28,"column":56},"end":{"line":28,"column":58}}],"line":28},"1":{"loc":{"start":{"line":34,"column":6},"end":{"line":35,"column":53}},"type":"binary-expr","locations":[{"start":{"line":34,"column":6},"end":{"line":34,"column":40}},{"start":{"line":35,"column":7},"end":{"line":35,"column":24}},{"start":{"line":35,"column":28},"end":{"line":35,"column":52}}],"line":34},"2":{"loc":{"start":{"line":37,"column":6},"end":{"line":40,"column":40}},"type":"binary-expr","locations":[{"start":{"line":37,"column":6},"end":{"line":37,"column":23}},{"start":{"line":38,"column":6},"end":{"line":38,"column":30}},{"start":{"line":39,"column":6},"end":{"line":39,"column":31}},{"start":{"line":40,"column":6},"end":{"line":40,"column":40}}],"line":37},"3":{"loc":{"start":{"line":42,"column":4},"end":{"line":47,"column":null}},"type":"if","locations":[{"start":{"line":42,"column":4},"end":{"line":47,"column":null}},{"start":{},"end":{}}],"line":42},"4":{"loc":{"start":{"line":42,"column":8},"end":{"line":42,"column":90}},"type":"binary-expr","locations":[{"start":{"line":42,"column":9},"end":{"line":42,"column":18}},{"start":{"line":42,"column":22},"end":{"line":42,"column":32}},{"start":{"line":42,"column":38},"end":{"line":42,"column":51}},{"start":{"line":42,"column":55},"end":{"line":42,"column":89}}],"line":42},"5":{"loc":{"start":{"line":56,"column":65},"end":{"line":56,"column":102}},"type":"default-arg","locations":[{"start":{"line":56,"column":100},"end":{"line":56,"column":102}}],"line":56},"6":{"loc":{"start":{"line":56,"column":67},"end":{"line":56,"column":84}},"type":"default-arg","locations":[{"start":{"line":56,"column":79},"end":{"line":56,"column":84}}],"line":56},"7":{"loc":{"start":{"line":56,"column":86},"end":{"line":56,"column":95}},"type":"default-arg","locations":[{"start":{"line":56,"column":92},"end":{"line":56,"column":95}}],"line":56},"8":{"loc":{"start":{"line":57,"column":23},"end":{"line":57,"column":45}},"type":"binary-expr","locations":[{"start":{"line":57,"column":23},"end":{"line":57,"column":40}},{"start":{"line":57,"column":44},"end":{"line":57,"column":45}}],"line":57},"9":{"loc":{"start":{"line":58,"column":2},"end":{"line":58,"column":null}},"type":"if","locations":[{"start":{"line":58,"column":2},"end":{"line":58,"column":null}},{"start":{},"end":{}}],"line":58},"10":{"loc":{"start":{"line":62,"column":2},"end":{"line":66,"column":null}},"type":"if","locations":[{"start":{"line":62,"column":2},"end":{"line":66,"column":null}},{"start":{"line":64,"column":9},"end":{"line":66,"column":null}}],"line":62},"11":{"loc":{"start":{"line":64,"column":9},"end":{"line":66,"column":null}},"type":"if","locations":[{"start":{"line":64,"column":9},"end":{"line":66,"column":null}},{"start":{},"end":{}}],"line":64},"12":{"loc":{"start":{"line":69,"column":2},"end":{"line":84,"column":null}},"type":"switch","locations":[{"start":{"line":70,"column":4},"end":{"line":71,"column":null}},{"start":{"line":72,"column":4},"end":{"line":73,"column":null}},{"start":{"line":74,"column":4},"end":{"line":75,"column":null}},{"start":{"line":76,"column":4},"end":{"line":77,"column":null}},{"start":{"line":78,"column":4},"end":{"line":79,"column":null}},{"start":{"line":80,"column":4},"end":{"line":81,"column":null}},{"start":{"line":82,"column":4},"end":{"line":83,"column":null}}],"line":69},"13":{"loc":{"start":{"line":92,"column":2},"end":{"line":98,"column":null}},"type":"default-arg","locations":[{"start":{"line":98,"column":6},"end":{"line":98,"column":null}}],"line":92},"14":{"loc":{"start":{"line":93,"column":4},"end":{"line":93,"column":21}},"type":"default-arg","locations":[{"start":{"line":93,"column":16},"end":{"line":93,"column":21}}],"line":93},"15":{"loc":{"start":{"line":94,"column":4},"end":{"line":94,"column":17}},"type":"default-arg","locations":[{"start":{"line":94,"column":16},"end":{"line":94,"column":17}}],"line":94},"16":{"loc":{"start":{"line":96,"column":4},"end":{"line":96,"column":13}},"type":"default-arg","locations":[{"start":{"line":96,"column":10},"end":{"line":96,"column":13}}],"line":96},"17":{"loc":{"start":{"line":97,"column":4},"end":{"line":97,"column":21}},"type":"default-arg","locations":[{"start":{"line":97,"column":17},"end":{"line":97,"column":21}}],"line":97},"18":{"loc":{"start":{"line":100,"column":21},"end":{"line":100,"column":53}},"type":"binary-expr","locations":[{"start":{"line":100,"column":21},"end":{"line":100,"column":48}},{"start":{"line":100,"column":52},"end":{"line":100,"column":53}}],"line":100},"19":{"loc":{"start":{"line":103,"column":4},"end":{"line":105,"column":9}},"type":"cond-expr","locations":[{"start":{"line":104,"column":8},"end":{"line":104,"column":null}},{"start":{"line":105,"column":8},"end":{"line":105,"column":9}}],"line":103},"20":{"loc":{"start":{"line":103,"column":4},"end":{"line":103,"column":null}},"type":"binary-expr","locations":[{"start":{"line":103,"column":4},"end":{"line":103,"column":14}},{"start":{"line":103,"column":18},"end":{"line":103,"column":null}}],"line":103},"21":{"loc":{"start":{"line":157,"column":46},"end":{"line":157,"column":68}},"type":"binary-expr","locations":[{"start":{"line":157,"column":46},"end":{"line":157,"column":63}},{"start":{"line":157,"column":67},"end":{"line":157,"column":68}}],"line":157}},"s":{"0":4,"1":4,"2":38,"3":38,"4":38,"5":38,"6":94,"7":94,"8":94,"9":94,"10":94,"11":37,"12":37,"13":1,"14":4,"15":14,"16":14,"17":3,"18":11,"19":11,"20":2,"21":9,"22":2,"23":11,"24":4,"25":3,"26":1,"27":1,"28":1,"29":1,"30":0,"31":4,"32":16,"33":16,"34":16,"35":16,"36":16,"37":16,"38":16,"39":16,"40":16,"41":16,"42":96,"43":96,"44":96,"45":96,"46":96,"47":96,"48":96,"49":96,"50":96,"51":16,"52":16,"53":16,"54":16,"55":16,"56":16,"57":16,"58":16,"59":16,"60":16,"61":16,"62":96,"63":96,"64":96,"65":672,"66":16},"f":{"0":38,"1":14,"2":16},"b":{"0":[38,0],"1":[94,5,1],"2":[94,94,86,86],"3":[37,57],"4":[94,89,57,1],"5":[14],"6":[14],"7":[14],"8":[14,2],"9":[3,11],"10":[2,9],"11":[2,7],"12":[4,3,1,1,1,1,0],"13":[16],"14":[16],"15":[16],"16":[16],"17":[16],"18":[16,13],"19":[2,14],"20":[16,13],"21":[672,546]},"meta":{"lastBranch":22,"lastFunction":3,"lastStatement":67,"seen":{"s:14:27:21:1":0,"s:26:34:51:1":1,"f:26:34:26:35":0,"s:27:18:27:43":2,"s:28:22:28:58":3,"b:28:33:28:53:28:56:28:58":0,"s:30:2:48:Infinity":4,"s:30:15:30:16":5,"s:31:20:31:34":6,"s:32:26:32:54":7,"s:34:6:35:53":8,"b:34:6:34:40:35:7:35:24:35:28:35:52":1,"s:37:6:40:40":9,"b:37:6:37:23:38:6:38:30:39:6:39:31:40:6:40:40":2,"b:42:4:47:Infinity:undefined:undefined:undefined:undefined":3,"s:42:4:47:Infinity":10,"b:42:9:42:18:42:22:42:32:42:38:42:51:42:55:42:89":4,"s:44:8:45:73":11,"s:46:6:46:Infinity":12,"s:50:2:50:Infinity":13,"s:56:35:85:1":14,"f:56:35:56:36":1,"b:56:100:56:102":5,"b:56:79:56:84":6,"b:56:92:56:95":7,"s:57:23:57:45":15,"b:57:23:57:40:57:44:57:45":8,"b:58:2:58:Infinity:undefined:undefined:undefined:undefined":9,"s:58:2:58:Infinity":16,"s:58:25:58:Infinity":17,"s:61:19:61:31":18,"b:62:2:66:Infinity:64:9:66:Infinity":10,"s:62:2:66:Infinity":19,"s:63:4:63:Infinity":20,"b:64:9:66:Infinity:undefined:undefined:undefined:undefined":11,"s:64:9:66:Infinity":21,"s:65:4:65:Infinity":22,"b:70:4:71:Infinity:72:4:73:Infinity:74:4:75:Infinity:76:4:77:Infinity:78:4:79:Infinity:80:4:81:Infinity:82:4:83:Infinity":12,"s:69:2:84:Infinity":23,"s:71:6:71:Infinity":24,"s:73:6:73:Infinity":25,"s:75:6:75:Infinity":26,"s:77:6:77:Infinity":27,"s:79:6:79:Infinity":28,"s:81:6:81:Infinity":29,"s:83:6:83:Infinity":30,"s:90:35:162:1":31,"f:90:35:90:Infinity":2,"b:98:6:98:Infinity":13,"b:93:16:93:21":14,"b:94:16:94:17":15,"b:96:10:96:13":16,"b:97:17:97:21":17,"s:100:21:100:53":32,"b:100:21:100:48:100:52:100:53":18,"s:103:4:105:9":33,"b:104:8:104:Infinity:105:8:105:9":19,"b:103:4:103:14:103:18:103:Infinity":20,"s:107:17:114:3":34,"s:117:2:117:Infinity":35,"s:118:2:118:Infinity":36,"s:119:2:119:Infinity":37,"s:120:2:120:Infinity":38,"s:121:2:121:Infinity":39,"s:122:2:122:Infinity":40,"s:125:2:136:Infinity":41,"s:126:17:126:40":42,"s:127:16:127:32":43,"s:128:16:128:26":44,"s:129:19:129:28":45,"s:130:16:130:28":46,"s:132:4:132:Infinity":47,"s:133:4:133:Infinity":48,"s:134:4:134:Infinity":49,"s:135:4:135:Infinity":50,"s:139:29:139:72":51,"s:140:20:140:66":52,"s:141:21:141:48":53,"s:143:2:143:Infinity":54,"s:144:2:144:Infinity":55,"s:145:2:145:Infinity":56,"s:146:2:146:Infinity":57,"s:147:2:147:Infinity":58,"s:148:2:148:Infinity":59,"s:151:26:151:28":60,"s:152:2:159:Infinity":61,"s:153:4:153:Infinity":62,"s:154:4:154:Infinity":63,"s:156:4:158:Infinity":64,"s:157:6:157:Infinity":65,"b:157:46:157:63:157:67:157:68":21,"s:161:2:161:Infinity":66},"fnNames":{}}}
}
